<?xml version="1.0" encoding="UTF-8"?>
<testsuite name="SearchTests" tests="4" skipped="0" failures="0" errors="0" timestamp="2023-07-24T17:16:57" hostname="LAPTOP-31DUH12N" time="88.635">
  <properties/>
  <testcase name="searchCarTestPositive" classname="SearchTests" time="3.465"/>
  <testcase name="searchCarTestPositiveDayPicker" classname="SearchTests" time="4.321"/>
  <testcase name="searchCarTestPositiveMonthPicker" classname="SearchTests" time="10.873"/>
  <testcase name="searchCarTestPositiveYearsPicker" classname="SearchTests" time="11.892"/>
  <system-out><![CDATA[]]></system-out>
  <system-err><![CDATA[]]></system-err>
</testsuite>
