<?xml version="1.0" encoding="UTF-8"?>
<testsuite name="LoginTests" tests="1" skipped="0" failures="0" errors="0" timestamp="2023-08-30T09:01:23" hostname="DESKTOP-NKTGSNJ" time="3.747">
  <properties/>
  <testcase name="loginPositiveUserData" classname="LoginTests" time="3.747"/>
  <system-out><![CDATA[]]></system-out>
  <system-err><![CDATA[]]></system-err>
</testsuite>
