<?xml version="1.0" encoding="UTF-8"?>
<testsuite name="AddNewCar" tests="1" skipped="0" failures="0" errors="0" timestamp="2023-07-24T17:15:30" hostname="LAPTOP-31DUH12N" time="8.248">
  <properties/>
  <testcase name="addNewCarPositive" classname="AddNewCar" time="8.248"/>
  <system-out><![CDATA[]]></system-out>
  <system-err><![CDATA[]]></system-err>
</testsuite>
